<?xml version="1.0" encoding="UTF-8"?>
<testsuite name="Realizar un pago a traves de la App Eribank" tests="1" skipped="0" failures="0" errors="0" timestamp="2022-09-15T02:53:52" hostname="CHMEPFQG7HL3" time="19.136">
  <properties/>
  <testcase name="Pago Exitoso en la App Eribank" classname="Realizar un pago a traves de la App Eribank" time="19.136"/>
  <system-out><![CDATA[]]></system-out>
  <system-err><![CDATA[Sep 14, 2022 9:54:00 PM io.appium.java_client.remote.AppiumCommandExecutor$1 lambda$0
INFO: Detected dialect: W3C
[Test worker] INFO net.thucydides.core.steps.ConsoleLoggingListener - 
        __    _____ _____ ____ _____   ____   _    ____  ____  _____ ____  
  _     \ \  |_   _| ____/ ___|_   _| |  _ \ / \  / ___|/ ___|| ____|  _ \ 
 (_)_____| |   | | |  _| \___ \ | |   | |_) / _ \ \___ \\___ \|  _| | | | |
  _|_____| |   | | | |___ ___) || |   |  __/ ___ \ ___) |___) | |___| |_| |
 (_)     | |   |_| |_____|____/ |_|   |_| /_/   \_\____/|____/|_____|____/ 
        /_/                                                                

TEST PASSED: Pago Exitoso en la App Eribank
----------------------------------------------------------------------------
]]></system-err>
</testsuite>
